f:\cplusplus\directx11learning\directx11-dxut\dependencies\effects11\bin\desktop_2019_win10\x64\debug\effects11d.pch
f:\cplusplus\directx11learning\directx11-dxut\dependencies\effects11\bin\desktop_2019_win10\x64\debug\effects11d.pdb
f:\cplusplus\directx11learning\directx11-dxut\dependencies\effects11\bin\desktop_2019_win10\x64\debug\d3dxglobal.obj
f:\cplusplus\directx11learning\directx11-dxut\dependencies\effects11\bin\desktop_2019_win10\x64\debug\effectruntime.obj
f:\cplusplus\directx11learning\directx11-dxut\dependencies\effects11\bin\desktop_2019_win10\x64\debug\effectreflection.obj
f:\cplusplus\directx11learning\directx11-dxut\dependencies\effects11\bin\desktop_2019_win10\x64\debug\effectnonruntime.obj
f:\cplusplus\directx11learning\directx11-dxut\dependencies\effects11\bin\desktop_2019_win10\x64\debug\effectload.obj
f:\cplusplus\directx11learning\directx11-dxut\dependencies\effects11\bin\desktop_2019_win10\x64\debug\effectapi.obj
f:\cplusplus\directx11learning\directx11-dxut\dependencies\effects11\bin\desktop_2019_win10\x64\debug\effects11d.lib
f:\cplusplus\directx11learning\directx11-dxut\dependencies\effects11\bin\desktop_2019_win10\x64\debug\d3dxglobal.nativecodeanalysis.xml
f:\cplusplus\directx11learning\directx11-dxut\dependencies\effects11\bin\desktop_2019_win10\x64\debug\effectapi.nativecodeanalysis.xml
f:\cplusplus\directx11learning\directx11-dxut\dependencies\effects11\bin\desktop_2019_win10\x64\debug\effectload.nativecodeanalysis.xml
f:\cplusplus\directx11learning\directx11-dxut\dependencies\effects11\bin\desktop_2019_win10\x64\debug\effectnonruntime.nativecodeanalysis.xml
f:\cplusplus\directx11learning\directx11-dxut\dependencies\effects11\bin\desktop_2019_win10\x64\debug\effectreflection.nativecodeanalysis.xml
f:\cplusplus\directx11learning\directx11-dxut\dependencies\effects11\bin\desktop_2019_win10\x64\debug\effectruntime.nativecodeanalysis.xml
f:\cplusplus\directx11learning\directx11-dxut\dependencies\effects11\bin\desktop_2019_win10\x64\debug\vc.nativecodeanalysis.all.xml
f:\cplusplus\directx11learning\directx11-dxut\dependencies\effects11\bin\desktop_2019_win10\x64\debug\effects11.tlog\cl.command.1.tlog
f:\cplusplus\directx11learning\directx11-dxut\dependencies\effects11\bin\desktop_2019_win10\x64\debug\effects11.tlog\cl.items.tlog
f:\cplusplus\directx11learning\directx11-dxut\dependencies\effects11\bin\desktop_2019_win10\x64\debug\effects11.tlog\cl.read.1.tlog
f:\cplusplus\directx11learning\directx11-dxut\dependencies\effects11\bin\desktop_2019_win10\x64\debug\effects11.tlog\cl.write.1.tlog
f:\cplusplus\directx11learning\directx11-dxut\dependencies\effects11\bin\desktop_2019_win10\x64\debug\effects11.tlog\lib-link.read.1.tlog
f:\cplusplus\directx11learning\directx11-dxut\dependencies\effects11\bin\desktop_2019_win10\x64\debug\effects11.tlog\lib-link.write.1.tlog
f:\cplusplus\directx11learning\directx11-dxut\dependencies\effects11\bin\desktop_2019_win10\x64\debug\effects11.tlog\lib.command.1.tlog
